<?xml version="1.0" encoding="UTF-8" ?>
<testsuite tests="11" failures="0" name="com.wakaleo.gameoflife.domain.WhenYouCreateANewUniverse" time="0.045" errors="0" skipped="0">
  <properties>
    <property name="java.runtime.name" value="OpenJDK Runtime Environment"/>
    <property name="java.vm.version" value="14.0.1+14"/>
    <property name="sun.boot.library.path" value="/usr/local/Cellar/openjdk/14.0.1/libexec/openjdk.jdk/Contents/Home/lib"/>
    <property name="maven.multiModuleProjectDirectory" value="/Users/kubusb/Gdrive/Prywatne/Programowanie/szkolenia/jenkins-superbasic/francuz/game-of-life"/>
    <property name="java.vm.vendor" value="Oracle Corporation"/>
    <property name="java.vendor.url" value="https://openjdk.java.net/"/>
    <property name="path.separator" value=":"/>
    <property name="guice.disable.misplaced.annotation.check" value="true"/>
    <property name="java.vm.name" value="OpenJDK 64-Bit Server VM"/>
    <property name="user.country" value="PL"/>
    <property name="sun.java.launcher" value="SUN_STANDARD"/>
    <property name="user.dir" value="/Users/kubusb/Gdrive/Prywatne/Programowanie/szkolenia/jenkins-superbasic/francuz/game-of-life"/>
    <property name="java.vm.compressedOopsMode" value="Zero based"/>
    <property name="java.vm.specification.name" value="Java Virtual Machine Specification"/>
    <property name="java.runtime.version" value="14.0.1+14"/>
    <property name="os.arch" value="x86_64"/>
    <property name="java.io.tmpdir" value="/var/folders/h3/r9_06wjx1sjf3shnd4_mvw000000gn/T/"/>
    <property name="line.separator" value="
"/>
    <property name="java.vm.specification.vendor" value="Oracle Corporation"/>
    <property name="os.name" value="Mac OS X"/>
    <property name="classworlds.conf" value="/Users/kubusb/.mvnvm/apache-maven-3.6.3/bin/m2.conf"/>
    <property name="sun.jnu.encoding" value="UTF-8"/>
    <property name="java.library.path" value="/Users/kubusb/Library/Java/Extensions:/Library/Java/Extensions:/Network/Library/Java/Extensions:/System/Library/Java/Extensions:/usr/lib/java:."/>
    <property name="maven.conf" value="/Users/kubusb/.mvnvm/apache-maven-3.6.3/conf"/>
    <property name="jdk.debug" value="release"/>
    <property name="java.class.version" value="58.0"/>
    <property name="java.specification.name" value="Java Platform API Specification"/>
    <property name="sun.management.compiler" value="HotSpot 64-Bit Tiered Compilers"/>
    <property name="os.version" value="10.15.6"/>
    <property name="http.nonProxyHosts" value="local|*.local|169.254/16|*.169.254/16"/>
    <property name="library.jansi.path" value="/Users/kubusb/.mvnvm/apache-maven-3.6.3/lib/jansi-native"/>
    <property name="user.home" value="/Users/kubusb"/>
    <property name="user.timezone" value="Europe/Warsaw"/>
    <property name="file.encoding" value="UTF-8"/>
    <property name="java.specification.version" value="14"/>
    <property name="user.name" value="kubusb"/>
    <property name="java.class.path" value="/Users/kubusb/.mvnvm/apache-maven-3.6.3/boot/plexus-classworlds-2.6.0.jar"/>
    <property name="java.vm.specification.version" value="14"/>
    <property name="sun.arch.data.model" value="64"/>
    <property name="sun.java.command" value="org.codehaus.plexus.classworlds.launcher.Launcher install"/>
    <property name="java.home" value="/usr/local/Cellar/openjdk/14.0.1/libexec/openjdk.jdk/Contents/Home"/>
    <property name="user.language" value="en"/>
    <property name="java.specification.vendor" value="Oracle Corporation"/>
    <property name="java.vm.info" value="mixed mode, sharing"/>
    <property name="java.version" value="14.0.1"/>
    <property name="java.vendor" value="N/A"/>
    <property name="maven.home" value="/Users/kubusb/.mvnvm/apache-maven-3.6.3"/>
    <property name="file.separator" value="/"/>
    <property name="java.version.date" value="2020-04-14"/>
    <property name="java.vendor.url.bug" value="https://bugreport.java.com/bugreport/"/>
    <property name="sun.cpu.endian" value="little"/>
    <property name="sun.io.unicode.encoding" value="UnicodeBig"/>
    <property name="socksNonProxyHosts" value="local|*.local|169.254/16|*.169.254/16"/>
    <property name="ftp.nonProxyHosts" value="local|*.local|169.254/16|*.169.254/16"/>
  </properties>
  <testcase classname="com.wakaleo.gameoflife.domain.WhenYouCreateANewUniverse" name="aUserCanAssignALiveCellAtAGivenPointInTheGrid" time="0.024"/>
  <testcase classname="com.wakaleo.gameoflife.domain.WhenYouCreateANewUniverse" name="aUniverseCanBeInitializedWithAnyDimension" time="0.001"/>
  <testcase classname="com.wakaleo.gameoflife.domain.WhenYouCreateANewUniverse" name="aUniverseSeededWithAnEmpyGridContentWillContainAnEmptyGrid" time="0"/>
  <testcase classname="com.wakaleo.gameoflife.domain.WhenYouCreateANewUniverse" name="aUserCanReadADeadCellValueAtAGivenPointInTheGrid" time="0"/>
  <testcase classname="com.wakaleo.gameoflife.domain.WhenYouCreateANewUniverse" name="aUserCanObtainTheGridContentsAsAnArrayOfCells" time="0.002"/>
  <testcase classname="com.wakaleo.gameoflife.domain.WhenYouCreateANewUniverse" name="aUserCanReadALiveCellValueAtAGivenPointInTheGrid" time="0.002"/>
  <testcase classname="com.wakaleo.gameoflife.domain.WhenYouCreateANewUniverse" name="aUserCanAssignADeadCellAtAGivenPointInTheGrid" time="0"/>
  <testcase classname="com.wakaleo.gameoflife.domain.WhenYouCreateANewUniverse" name="aUniverseSeededWithAGridContainingASingleLiveCellContentWillSpawnAnEmptyGrid" time="0.001"/>
  <testcase classname="com.wakaleo.gameoflife.domain.WhenYouCreateANewUniverse" name="aUniverseSeededWithAGridWithLivingCellsContentWillContainThatGrid" time="0"/>
  <testcase classname="com.wakaleo.gameoflife.domain.WhenYouCreateANewUniverse" name="aUniverseSpawnsANewGridInTheNextGeneration" time="0"/>
  <testcase classname="com.wakaleo.gameoflife.domain.WhenYouCreateANewUniverse" name="aNewUniverseShouldContainOnlyDeadCells" time="0.001"/>
</testsuite>